<?xml version="1.0" encoding="UTF-8"?>
<!-- Generated by org.testng.reporters.JUnitReportReporter -->
<testsuite hostname="AnilSaner" failures="0" tests="2" name="DemoTest" time="0.015" errors="0" timestamp="2022-01-01T12:05:54 IST" skipped="0">
  <testcase classname="DemoTest" name="createContactTest" time="0.014"/>
  <system-out/>
  <testcase classname="DemoTest" name="createOrgTest" time="0.001"/>
  <system-out/>
</testsuite> <!-- DemoTest -->
