<?xml version="1.0" encoding="UTF-8"?>
<!-- Generated by org.testng.reporters.JUnitReportReporter -->
<testsuite hostname="AnilSaner" failures="0" tests="2" name="CreateContactTest.ContactTest" time="0.018" errors="0" timestamp="2022-01-01T12:06:58 IST" skipped="0">
  <testcase classname="CreateContactTest.ContactTest" name="updateContact" time="0.004"/>
  <system-out/>
  <testcase classname="CreateContactTest.ContactTest" name="contact" time="0.014"/>
  <system-out/>
</testsuite> <!-- CreateContactTest.ContactTest -->
