<?xml version="1.0" encoding="UTF-8"?>
<!-- Generated by org.testng.reporters.JUnitReportReporter -->
<testsuite hostname="AnilSaner" failures="0" tests="2" name="demoTest.OrgTest" time="0.017" errors="0" timestamp="2022-01-01T21:01:28 IST" skipped="0">
  <testcase classname="demoTest.OrgTest" name="createOrgTest" time="0.012"/>
  <system-out/>
  <testcase classname="demoTest.OrgTest" name="updateOrg" time="0.005"/>
  <system-out/>
</testsuite> <!-- demoTest.OrgTest -->
