<?xml version="1.0" encoding="UTF-8"?>
<!-- Generated by org.testng.reporters.JUnitReportReporter -->
<testsuite hostname="AnilSaner" failures="0" tests="1" name="ContactsPractice.CreateContact" time="5.290" errors="0" timestamp="2022-01-01T22:48:31 IST" skipped="0">
  <testcase classname="ContactsPractice.CreateContact" name="createContactTest" time="5.290"/>
  <system-out/>
</testsuite> <!-- ContactsPractice.CreateContact -->
