<?xml version="1.0" encoding="UTF-8"?>
<!-- Generated by org.testng.reporters.JUnitReportReporter -->
<testsuite hostname="AnilSaner" failures="0" tests="2" name="ContactsPractice.CreateContact" time="0.014" errors="0" timestamp="2022-01-01T20:58:58 IST" skipped="0">
  <testcase classname="ContactsPractice.CreateContact" name="createContactTest" time="0.012"/>
  <system-out/>
  <testcase classname="ContactsPractice.CreateContact" name="updateContact" time="0.002"/>
  <system-out/>
</testsuite> <!-- ContactsPractice.CreateContact -->
