<?xml version="1.0" encoding="UTF-8"?>
<!-- Generated by org.testng.reporters.JUnitReportReporter -->
<testsuite skipped="0" hostname="AnilSaner" name="DemoTest" tests="2" failures="0" timestamp="2022-01-01T13:02:25 IST" time="0.002" errors="0">
  <testcase name="createOrgTest" time="0.001" classname="DemoTest"/>
  <system-out/>
  <testcase name="createContactTest" time="0.001" classname="DemoTest"/>
  <system-out/>
</testsuite> <!-- DemoTest -->
