<?xml version="1.0" encoding="UTF-8"?>
<!-- Generated by org.testng.reporters.JUnitReportReporter -->
<testsuite skipped="0" hostname="AnilSaner" name="CreateContactTest.ContactTest" tests="2" failures="0" timestamp="2022-01-01T13:02:25 IST" time="0.006" errors="0">
  <testcase name="contact" time="0.005" classname="CreateContactTest.ContactTest"/>
  <system-out/>
  <testcase name="updateContact" time="0.001" classname="CreateContactTest.ContactTest"/>
  <system-out/>
</testsuite> <!-- CreateContactTest.ContactTest -->
